[14:02:45.290 - error] <www> server start...
[14:02:46.076 - error] <cmd> error, code: 210701201918, errno: undefined, msg: "/hmi/bin/projectParser is not exists", stack: "Error: /hmi/bin/projectParser is not exists
    at Object.<anonymous> (C:\Program Files (x86)\Haiwell\HaiwellScada3\resources\app\webserver\ts\dest\cmd\projectParser.js:12:45)
    at Module._compile (node:internal/modules/cjs/loader:1120:14)
    at Module._extensions..js (node:internal/modules/cjs/loader:1175:10)
    at Module.load (node:internal/modules/cjs/loader:988:32)
    at Module._load (node:internal/modules/cjs/loader:829:12)
    at c._load (node:electron/js2c/asar_bundle:5:13343)
    at Module.require (node:internal/modules/cjs/loader:1012:19)
    at require (node:internal/modules/cjs/helpers:102:18)
    at Object.<anonymous> (C:\Program Files (x86)\Haiwell\HaiwellScada3\resources\app\webserver\ts\dest\cmd\index.js:9:23)
    at Module._compile (node:internal/modules/cjs/loader:1120:14)"
[14:02:56.198 - error] <ffmpeg> error, code: 20220909, errno: undefined, msg: "/hmi/bin/amrwb-dec is not exists", stack: "Error: /hmi/bin/amrwb-dec is not exists
    at Object.<anonymous> (C:\Program Files (x86)\Haiwell\HaiwellScada3\resources\app\webserver\ts\dest\cmd\ffmpeg.js:12:41)
    at Module._compile (node:internal/modules/cjs/loader:1120:14)
    at Module._extensions..js (node:internal/modules/cjs/loader:1175:10)
    at Module.load (node:internal/modules/cjs/loader:988:32)
    at Module._load (node:internal/modules/cjs/loader:829:12)
    at c._load (node:electron/js2c/asar_bundle:5:13343)
    at Module.require (node:internal/modules/cjs/loader:1012:19)
    at require (node:internal/modules/cjs/helpers:102:18)
    at Object.<anonymous> (C:\Program Files (x86)\Haiwell\HaiwellScada3\resources\app\webserver\ts\dest\components\voice\route.js:10:16)
    at Module._compile (node:internal/modules/cjs/loader:1120:14)"
[14:02:57.084 - error] <ts.voice.startup> rm voice temp error:"ENOENT: no such file or directory, scandir 'C:\Program Files (x86)\Haiwell\HaiwellScada3\resources\app\data\userData\voiceTemp'"
[14:03:03.227 - error] <locater> req error: {errno:-3008, code:"ENOTFOUND", syscall:"getaddrinfo", hostname:"cloud.haiwell.com"}
[14:03:03.329 - error] <upload data> request /api/tls/picReport error, message: "getaddrinfo ENOTFOUND cloud.haiwell.com"
[14:03:03.329 - error] <upload data> request /api/tls/picReport error, stack: "Error: getaddrinfo ENOTFOUND cloud.haiwell.com
    at GetAddrInfoReqWrap.onlookup [as oncomplete] (node:dns:71:26)"
[14:03:03.329 - error] <upload data> request /api/tls/picReport error, error: %e [object Error]
[14:03:05.761 - error] <initstat> ""C:\Program Files (x86)\Haiwell\HaiwellScada3\resources\app\bin\initstat.sh" C:\Program Files (x86)\Haiwell\HaiwellScada3\resources\app\config\setup.ini MACHINE machine_name Scada" error: {code:1, killed:false, signal:null, cmd:""C:\Program Files (x86)\Haiwell\HaiwellScada3\resources\app\bin\initstat.sh" C:\Program Files (x86)\Haiwell\HaiwellScada3\resources\app\config\setup.ini MACHINE machine_name Scada"}
[14:03:05.762 - error] <initstat> ""C:\Program Files (x86)\Haiwell\HaiwellScada3\resources\app\bin\initstat.sh" C:\Program Files (x86)\Haiwell\HaiwellScada3\resources\app\config\setup.ini MACHINE machine_name Scada" stderr: "'"C:\Program Files (x86)\Haiwell\HaiwellScada3\resources\app\bin\initstat.sh"' is not recognized as an internal or external command,
operable program or batch file.
"
[14:03:06.722 - error] <ts-user> pushUserGoupInfo-error:{errno:-3008, code:"ENOTFOUND", syscall:"getaddrinfo", hostname:"cloud.haiwell.com"}
[14:04:03.243 - error] <locater> req error: {errno:-3008, code:"ENOTFOUND", syscall:"getaddrinfo", hostname:"cloud.haiwell.com"}
[14:04:25.028 - error] <www> server start...
[14:04:25.217 - error] <cmd> error, code: 210701201918, errno: undefined, msg: "/hmi/bin/projectParser is not exists", stack: "Error: /hmi/bin/projectParser is not exists
    at Object.<anonymous> (C:\Program Files (x86)\Haiwell\HaiwellScada3\resources\app\webserver\ts\dest\cmd\projectParser.js:12:45)
    at Module._compile (node:internal/modules/cjs/loader:1120:14)
    at Module._extensions..js (node:internal/modules/cjs/loader:1175:10)
    at Module.load (node:internal/modules/cjs/loader:988:32)
    at Module._load (node:internal/modules/cjs/loader:829:12)
    at c._load (node:electron/js2c/asar_bundle:5:13343)
    at Module.require (node:internal/modules/cjs/loader:1012:19)
    at require (node:internal/modules/cjs/helpers:102:18)
    at Object.<anonymous> (C:\Program Files (x86)\Haiwell\HaiwellScada3\resources\app\webserver\ts\dest\cmd\index.js:9:23)
    at Module._compile (node:internal/modules/cjs/loader:1120:14)"
[14:04:25.747 - error] <ffmpeg> error, code: 20220909, errno: undefined, msg: "/hmi/bin/amrwb-dec is not exists", stack: "Error: /hmi/bin/amrwb-dec is not exists
    at Object.<anonymous> (C:\Program Files (x86)\Haiwell\HaiwellScada3\resources\app\webserver\ts\dest\cmd\ffmpeg.js:12:41)
    at Module._compile (node:internal/modules/cjs/loader:1120:14)
    at Module._extensions..js (node:internal/modules/cjs/loader:1175:10)
    at Module.load (node:internal/modules/cjs/loader:988:32)
    at Module._load (node:internal/modules/cjs/loader:829:12)
    at c._load (node:electron/js2c/asar_bundle:5:13343)
    at Module.require (node:internal/modules/cjs/loader:1012:19)
    at require (node:internal/modules/cjs/helpers:102:18)
    at Object.<anonymous> (C:\Program Files (x86)\Haiwell\HaiwellScada3\resources\app\webserver\ts\dest\components\voice\route.js:10:16)
    at Module._compile (node:internal/modules/cjs/loader:1120:14)"
[14:04:25.819 - error] <ts.voice.startup> rm voice temp error:"ENOENT: no such file or directory, scandir 'C:\Program Files (x86)\Haiwell\HaiwellScada3\resources\app\data\userData\voiceTemp'"
[14:04:26.470 - error] <locater> req error: {errno:-3008, code:"ENOTFOUND", syscall:"getaddrinfo", hostname:"cloud.haiwell.com"}
[14:04:26.483 - error] <upload data> request /api/tls/picReport error, message: "getaddrinfo ENOTFOUND cloud.haiwell.com"
[14:04:26.483 - error] <upload data> request /api/tls/picReport error, stack: "Error: getaddrinfo ENOTFOUND cloud.haiwell.com
    at GetAddrInfoReqWrap.onlookup [as oncomplete] (node:dns:71:26)"
[14:04:26.483 - error] <upload data> request /api/tls/picReport error, error: %e [object Error]
[14:04:28.568 - error] <initstat> ""C:\Program Files (x86)\Haiwell\HaiwellScada3\resources\app\bin\initstat.sh" C:\Program Files (x86)\Haiwell\HaiwellScada3\resources\app\config\setup.ini MACHINE machine_name Scada" error: {code:1, killed:false, signal:null, cmd:""C:\Program Files (x86)\Haiwell\HaiwellScada3\resources\app\bin\initstat.sh" C:\Program Files (x86)\Haiwell\HaiwellScada3\resources\app\config\setup.ini MACHINE machine_name Scada"}
[14:04:28.569 - error] <initstat> ""C:\Program Files (x86)\Haiwell\HaiwellScada3\resources\app\bin\initstat.sh" C:\Program Files (x86)\Haiwell\HaiwellScada3\resources\app\config\setup.ini MACHINE machine_name Scada" stderr: "'"C:\Program Files (x86)\Haiwell\HaiwellScada3\resources\app\bin\initstat.sh"' is not recognized as an internal or external command,
operable program or batch file.
"
[14:04:30.252 - error] <ts-user> pushUserGoupInfo-error:{errno:-3008, code:"ENOTFOUND", syscall:"getaddrinfo", hostname:"cloud.haiwell.com"}
[14:05:50.395 - error] <www> server start...
[14:05:50.563 - error] <cmd> error, code: 210701201918, errno: undefined, msg: "/hmi/bin/projectParser is not exists", stack: "Error: /hmi/bin/projectParser is not exists
    at Object.<anonymous> (C:\Program Files (x86)\Haiwell\HaiwellScada3\resources\app\webserver\ts\dest\cmd\projectParser.js:12:45)
    at Module._compile (node:internal/modules/cjs/loader:1120:14)
    at Module._extensions..js (node:internal/modules/cjs/loader:1175:10)
    at Module.load (node:internal/modules/cjs/loader:988:32)
    at Module._load (node:internal/modules/cjs/loader:829:12)
    at c._load (node:electron/js2c/asar_bundle:5:13343)
    at Module.require (node:internal/modules/cjs/loader:1012:19)
    at require (node:internal/modules/cjs/helpers:102:18)
    at Object.<anonymous> (C:\Program Files (x86)\Haiwell\HaiwellScada3\resources\app\webserver\ts\dest\cmd\index.js:9:23)
    at Module._compile (node:internal/modules/cjs/loader:1120:14)"
[14:05:51.149 - error] <ffmpeg> error, code: 20220909, errno: undefined, msg: "/hmi/bin/amrwb-dec is not exists", stack: "Error: /hmi/bin/amrwb-dec is not exists
    at Object.<anonymous> (C:\Program Files (x86)\Haiwell\HaiwellScada3\resources\app\webserver\ts\dest\cmd\ffmpeg.js:12:41)
    at Module._compile (node:internal/modules/cjs/loader:1120:14)
    at Module._extensions..js (node:internal/modules/cjs/loader:1175:10)
    at Module.load (node:internal/modules/cjs/loader:988:32)
    at Module._load (node:internal/modules/cjs/loader:829:12)
    at c._load (node:electron/js2c/asar_bundle:5:13343)
    at Module.require (node:internal/modules/cjs/loader:1012:19)
    at require (node:internal/modules/cjs/helpers:102:18)
    at Object.<anonymous> (C:\Program Files (x86)\Haiwell\HaiwellScada3\resources\app\webserver\ts\dest\components\voice\route.js:10:16)
    at Module._compile (node:internal/modules/cjs/loader:1120:14)"
[14:05:51.239 - error] <ts.voice.startup> rm voice temp error:"ENOENT: no such file or directory, scandir 'C:\Program Files (x86)\Haiwell\HaiwellScada3\resources\app\data\userData\voiceTemp'"
[14:05:52.050 - error] <locater> req error: {errno:-3008, code:"ENOTFOUND", syscall:"getaddrinfo", hostname:"cloud.haiwell.com"}
[14:05:52.063 - error] <upload data> request /api/tls/picReport error, message: "getaddrinfo ENOTFOUND cloud.haiwell.com"
[14:05:52.063 - error] <upload data> request /api/tls/picReport error, stack: "Error: getaddrinfo ENOTFOUND cloud.haiwell.com
    at GetAddrInfoReqWrap.onlookup [as oncomplete] (node:dns:71:26)"
[14:05:52.063 - error] <upload data> request /api/tls/picReport error, error: %e [object Error]
[14:05:53.804 - error] <ts-user> pushUserGoupInfo-error:{errno:-3008, code:"ENOTFOUND", syscall:"getaddrinfo", hostname:"cloud.haiwell.com"}
[14:05:53.882 - error] <initstat> ""C:\Program Files (x86)\Haiwell\HaiwellScada3\resources\app\bin\initstat.sh" C:\Program Files (x86)\Haiwell\HaiwellScada3\resources\app\config\setup.ini MACHINE machine_name Scada" error: {code:1, killed:false, signal:null, cmd:""C:\Program Files (x86)\Haiwell\HaiwellScada3\resources\app\bin\initstat.sh" C:\Program Files (x86)\Haiwell\HaiwellScada3\resources\app\config\setup.ini MACHINE machine_name Scada"}
[14:05:53.882 - error] <initstat> ""C:\Program Files (x86)\Haiwell\HaiwellScada3\resources\app\bin\initstat.sh" C:\Program Files (x86)\Haiwell\HaiwellScada3\resources\app\config\setup.ini MACHINE machine_name Scada" stderr: "'"C:\Program Files (x86)\Haiwell\HaiwellScada3\resources\app\bin\initstat.sh"' is not recognized as an internal or external command,
operable program or batch file.
"
[14:06:52.054 - error] <locater> req error: {errno:-3008, code:"ENOTFOUND", syscall:"getaddrinfo", hostname:"cloud.haiwell.com"}
[15:36:33.010 - error] <www> server start...
[15:36:33.685 - error] <cmd> error, code: 210701201918, errno: undefined, msg: "/hmi/bin/projectParser is not exists", stack: "Error: /hmi/bin/projectParser is not exists
    at Object.<anonymous> (C:\Program Files (x86)\Haiwell\HaiwellScada3\resources\app\webserver\ts\dest\cmd\projectParser.js:12:45)
    at Module._compile (node:internal/modules/cjs/loader:1120:14)
    at Module._extensions..js (node:internal/modules/cjs/loader:1175:10)
    at Module.load (node:internal/modules/cjs/loader:988:32)
    at Module._load (node:internal/modules/cjs/loader:829:12)
    at c._load (node:electron/js2c/asar_bundle:5:13343)
    at Module.require (node:internal/modules/cjs/loader:1012:19)
    at require (node:internal/modules/cjs/helpers:102:18)
    at Object.<anonymous> (C:\Program Files (x86)\Haiwell\HaiwellScada3\resources\app\webserver\ts\dest\cmd\index.js:9:23)
    at Module._compile (node:internal/modules/cjs/loader:1120:14)"
[15:36:40.638 - error] <ffmpeg> error, code: 20220909, errno: undefined, msg: "/hmi/bin/amrwb-dec is not exists", stack: "Error: /hmi/bin/amrwb-dec is not exists
    at Object.<anonymous> (C:\Program Files (x86)\Haiwell\HaiwellScada3\resources\app\webserver\ts\dest\cmd\ffmpeg.js:12:41)
    at Module._compile (node:internal/modules/cjs/loader:1120:14)
    at Module._extensions..js (node:internal/modules/cjs/loader:1175:10)
    at Module.load (node:internal/modules/cjs/loader:988:32)
    at Module._load (node:internal/modules/cjs/loader:829:12)
    at c._load (node:electron/js2c/asar_bundle:5:13343)
    at Module.require (node:internal/modules/cjs/loader:1012:19)
    at require (node:internal/modules/cjs/helpers:102:18)
    at Object.<anonymous> (C:\Program Files (x86)\Haiwell\HaiwellScada3\resources\app\webserver\ts\dest\components\voice\route.js:10:16)
    at Module._compile (node:internal/modules/cjs/loader:1120:14)"
[15:36:41.374 - error] <ts.voice.startup> rm voice temp error:"ENOENT: no such file or directory, scandir 'C:\Program Files (x86)\Haiwell\HaiwellScada3\resources\app\data\userData\voiceTemp'"
[15:36:47.174 - error] <locater> req error: {errno:-3008, code:"ENOTFOUND", syscall:"getaddrinfo", hostname:"cloud.haiwell.com"}
[15:36:47.305 - error] <upload data> request /api/tls/picReport error, message: "getaddrinfo ENOTFOUND cloud.haiwell.com"
[15:36:47.305 - error] <upload data> request /api/tls/picReport error, stack: "Error: getaddrinfo ENOTFOUND cloud.haiwell.com
    at GetAddrInfoReqWrap.onlookup [as oncomplete] (node:dns:71:26)"
[15:36:47.305 - error] <upload data> request /api/tls/picReport error, error: %e [object Error]
[15:36:49.028 - error] <initstat> ""C:\Program Files (x86)\Haiwell\HaiwellScada3\resources\app\bin\initstat.sh" C:\Program Files (x86)\Haiwell\HaiwellScada3\resources\app\config\setup.ini MACHINE machine_name Scada" error: {code:1, killed:false, signal:null, cmd:""C:\Program Files (x86)\Haiwell\HaiwellScada3\resources\app\bin\initstat.sh" C:\Program Files (x86)\Haiwell\HaiwellScada3\resources\app\config\setup.ini MACHINE machine_name Scada"}
[15:36:49.029 - error] <initstat> ""C:\Program Files (x86)\Haiwell\HaiwellScada3\resources\app\bin\initstat.sh" C:\Program Files (x86)\Haiwell\HaiwellScada3\resources\app\config\setup.ini MACHINE machine_name Scada" stderr: "'"C:\Program Files (x86)\Haiwell\HaiwellScada3\resources\app\bin\initstat.sh"' is not recognized as an internal or external command,
operable program or batch file.
"
[15:36:50.784 - error] <ts-user> pushUserGoupInfo-error:{errno:-3008, code:"ENOTFOUND", syscall:"getaddrinfo", hostname:"cloud.haiwell.com"}
[15:37:10.670 - error] <client> "http://127.0.0.1:8889/firmware/javascripts/win.js:1344> Uncaught TypeError: Cannot set properties of null (setting 'innerHTML')"
[15:37:47.193 - error] <locater> req error: {errno:-3008, code:"ENOTFOUND", syscall:"getaddrinfo", hostname:"cloud.haiwell.com"}
[15:38:47.214 - error] <locater> req error: {errno:-3008, code:"ENOTFOUND", syscall:"getaddrinfo", hostname:"cloud.haiwell.com"}
[15:39:47.230 - error] <locater> req error: {errno:-3008, code:"ENOTFOUND", syscall:"getaddrinfo", hostname:"cloud.haiwell.com"}
